<?xml version="1.0" encoding="UTF-8"?>
<!-- Generated by org.testng.reporters.JUnitXMLReporter -->
<testsuite hostname="xyz-HP" name="Test" tests="2" failures="1" timestamp="29 Dec 2019 07:30:28 GMT" time="18.351" errors="0">
  <testcase name="navigateToAddNewTasks" time="3.102" classname="test_scripts.AddNewTask_Test"/>
  <testcase name="login_Actitime" time="0.003" classname="test_scripts.Login_ActitimeTest">
    <failure type="java.lang.NullPointerException">
      <![CDATA[java.lang.NullPointerException
	at org.openqa.selenium.support.pagefactory.DefaultElementLocator.findElement(DefaultElementLocator.java:69)
	at org.openqa.selenium.support.pagefactory.internal.LocatingElementHandler.invoke(LocatingElementHandler.java:38)
	at com.sun.proxy.$Proxy9.sendKeys(Unknown Source)
	at pom.Login_Page.login_Actitime(Login_Page.java:33)
	at test_scripts.Login_ActitimeTest.login_Actitime(Login_ActitimeTest.java:16)
... Removed 25 stack frames]]>
    </failure>
  </testcase> <!-- login_Actitime -->
</testsuite> <!-- Test -->
